<?xml version="1.0" encoding="UTF-8"?>
<testsuite name="com.example.demo.AppTest" time="0.001" tests="1" errors="0" skipped="0" failures="0">
  <properties>
    <property name="java.runtime.name" value="Java(TM) SE Runtime Environment"/>
    <property name="sun.boot.library.path" value="D:\DevInstall\Java8\jdk1.8.0_101\jre\bin"/>
    <property name="java.vm.version" value="25.101-b13"/>
    <property name="java.vm.vendor" value="Oracle Corporation"/>
    <property name="maven.multiModuleProjectDirectory" value="F:\WorkSpace\springboot-dubbo-demo\springboot-dubbo-api"/>
    <property name="java.vendor.url" value="http://java.oracle.com/"/>
    <property name="path.separator" value=";"/>
    <property name="guice.disable.misplaced.annotation.check" value="true"/>
    <property name="java.vm.name" value="Java HotSpot(TM) 64-Bit Server VM"/>
    <property name="file.encoding.pkg" value="sun.io"/>
    <property name="user.script" value=""/>
    <property name="user.country" value="CN"/>
    <property name="sun.java.launcher" value="SUN_STANDARD"/>
    <property name="sun.os.patch.level" value="Service Pack 1"/>
    <property name="java.vm.specification.name" value="Java Virtual Machine Specification"/>
    <property name="user.dir" value="F:\WorkSpace\springboot-dubbo-demo\springboot-dubbo-api"/>
    <property name="java.runtime.version" value="1.8.0_101-b13"/>
    <property name="java.awt.graphicsenv" value="sun.awt.Win32GraphicsEnvironment"/>
    <property name="java.endorsed.dirs" value="D:\DevInstall\Java8\jdk1.8.0_101\jre\lib\endorsed"/>
    <property name="os.arch" value="amd64"/>
    <property name="java.io.tmpdir" value="C:\Users\ZHANG\AppData\Local\Temp\"/>
    <property name="line.separator" value="&#10;"/>
    <property name="java.vm.specification.vendor" value="Oracle Corporation"/>
    <property name="user.variant" value=""/>
    <property name="os.name" value="Windows 7"/>
    <property name="classworlds.conf" value="F:\WorkSpace\.metadata\.plugins\org.eclipse.m2e.launching\launches\m2conf3910527191042241649.tmp"/>
    <property name="sun.jnu.encoding" value="GBK"/>
    <property name="java.library.path" value="D:\DevInstall\Java8\jdk1.8.0_101\bin;C:\Windows\Sun\Java\bin;C:\Windows\system32;C:\Windows;D:/DevInstall/Java8/jre1.8.0_101/bin/server;D:/DevInstall/Java8/jre1.8.0_101/bin;D:/DevInstall/Java8/jre1.8.0_101/lib/amd64;D:\DevInstall\oracle\product\11.2.0\dbhome_1\bin;C:\ProgramData\Oracle\Java\javapath;D:\DevInstall\Java8\jdk1.8.0_101\bin;D:\DevInstall\Java8\jdk1.8.0_101\jre\bin;C:\Windows\System32;D:\DevInstall\apache-maven-3.6.0\bin;D:\DevInstall\mysql-5.6.34-winx64\bin;D:\DevInstall\Git\cmd;D:\DevInstall\nodejs\;D:\DevInstall\nodejs\node_modules\;D:\DevInstall\nodejs\node_global;C:\Users\ZHANG\AppData\Roaming\npm;D:\DevInstall\eclipse;;."/>
    <property name="java.specification.name" value="Java Platform API Specification"/>
    <property name="java.class.version" value="52.0"/>
    <property name="sun.management.compiler" value="HotSpot 64-Bit Tiered Compilers"/>
    <property name="os.version" value="6.1"/>
    <property name="user.home" value="C:\Users\ZHANG"/>
    <property name="user.timezone" value="Asia/Shanghai"/>
    <property name="java.awt.printerjob" value="sun.awt.windows.WPrinterJob"/>
    <property name="java.specification.version" value="1.8"/>
    <property name="file.encoding" value="GBK"/>
    <property name="user.name" value="ZHANG"/>
    <property name="java.class.path" value="D:\DevInstall\apache-maven-3.6.0\boot\plexus-classworlds-2.5.2.jar"/>
    <property name="java.vm.specification.version" value="1.8"/>
    <property name="sun.arch.data.model" value="64"/>
    <property name="java.home" value="D:\DevInstall\Java8\jdk1.8.0_101\jre"/>
    <property name="sun.java.command" value="org.codehaus.plexus.classworlds.launcher.Launcher -B -gs D:\DevInstall\apache-maven-3.6.0\conf\settings.xml -s D:\DevInstall\apache-maven-3.6.0\conf\settings.xml install"/>
    <property name="java.specification.vendor" value="Oracle Corporation"/>
    <property name="user.language" value="zh"/>
    <property name="awt.toolkit" value="sun.awt.windows.WToolkit"/>
    <property name="java.vm.info" value="mixed mode"/>
    <property name="java.version" value="1.8.0_101"/>
    <property name="java.ext.dirs" value="D:\DevInstall\Java8\jdk1.8.0_101\jre\lib\ext;C:\Windows\Sun\Java\lib\ext"/>
    <property name="sun.boot.class.path" value="D:\DevInstall\Java8\jdk1.8.0_101\jre\lib\resources.jar;D:\DevInstall\Java8\jdk1.8.0_101\jre\lib\rt.jar;D:\DevInstall\Java8\jdk1.8.0_101\jre\lib\sunrsasign.jar;D:\DevInstall\Java8\jdk1.8.0_101\jre\lib\jsse.jar;D:\DevInstall\Java8\jdk1.8.0_101\jre\lib\jce.jar;D:\DevInstall\Java8\jdk1.8.0_101\jre\lib\charsets.jar;D:\DevInstall\Java8\jdk1.8.0_101\jre\lib\jfr.jar;D:\DevInstall\Java8\jdk1.8.0_101\jre\classes"/>
    <property name="java.vendor" value="Oracle Corporation"/>
    <property name="maven.home" value="D:\DevInstall\apache-maven-3.6.0"/>
    <property name="file.separator" value="\"/>
    <property name="java.vendor.url.bug" value="http://bugreport.sun.com/bugreport/"/>
    <property name="sun.cpu.endian" value="little"/>
    <property name="sun.io.unicode.encoding" value="UnicodeLittle"/>
    <property name="sun.desktop" value="windows"/>
    <property name="sun.cpu.isalist" value="amd64"/>
  </properties>
  <testcase name="testApp" classname="com.example.demo.AppTest" time="0.001"/>
</testsuite>